[01m[K/root/dev/robot/catkin_ws/src/servo/src/servo_node.cpp:[m[K In function â€˜[01m[Kint main(int, char**)[m[Kâ€™:
[01m[K/root/dev/robot/catkin_ws/src/servo/src/servo_node.cpp:159:14:[m[K [01;31m[Kerror: [m[Kâ€˜[01m[Kstd::this_thread[m[Kâ€™ has not been declared
  159 |         std::[01;31m[Kthis_thread[m[K::sleep_for(std::chrono::seconds(5));
      |              [01;31m[K^~~~~~~~~~~[m[K
make[2]: *** [CMakeFiles/servo_node.dir/build.make:63: CMakeFiles/servo_node.dir/src/servo_node.cpp.o] Error 1
make[1]: *** [CMakeFiles/Makefile2:209: CMakeFiles/servo_node.dir/all] Error 2
make: *** [Makefile:141: all] Error 2
